INFO 2019-07-03 16:04:20,277 basehttp 124 "GET / HTTP/1.1" 200 124652
INFO 2019-07-03 16:04:20,322 basehttp 124 "GET /static/css/reset.css HTTP/1.1" 200 638
INFO 2019-07-03 16:04:20,334 basehttp 124 "GET /static/css/main.css HTTP/1.1" 200 39760
INFO 2019-07-03 16:04:20,347 basehttp 124 "GET /static/js/host.js HTTP/1.1" 200 80
INFO 2019-07-03 16:04:20,354 basehttp 124 "GET /static/js/axios-0.18.0.min.js HTTP/1.1" 200 12941
INFO 2019-07-03 16:04:20,359 basehttp 124 "GET /static/js/jquery-1.12.4.min.js HTTP/1.1" 200 97163
INFO 2019-07-03 16:04:20,360 basehttp 124 "GET /static/js/vue-2.5.16.js HTTP/1.1" 200 289318
INFO 2019-07-03 16:04:20,370 basehttp 124 "GET /static/images/logo.png HTTP/1.1" 200 7450
INFO 2019-07-03 16:04:20,377 basehttp 124 "GET /static/js/slide.js HTTP/1.1" 200 1822
INFO 2019-07-03 16:04:20,414 basehttp 124 "GET /static/js/common.js HTTP/1.1" 200 891
INFO 2019-07-03 16:04:20,420 basehttp 124 "GET /static/js/index.js HTTP/1.1" 200 1388
INFO 2019-07-03 16:04:20,470 basehttp 124 "GET /static/images/icons.png HTTP/1.1" 200 7740
INFO 2019-07-03 16:04:20,996 basehttp 124 "GET /carts/simple/ HTTP/1.1" 200 46
WARNING 2019-07-03 16:04:33,505 base 152 Not Found: /favicon.ico
WARNING 2019-07-03 16:04:33,506 basehttp 124 "GET /favicon.ico HTTP/1.1" 404 10575
INFO 2019-07-03 16:04:37,401 basehttp 124 "GET /carts/simple/ HTTP/1.1" 200 46
INFO 2019-07-03 16:04:41,855 basehttp 124 "GET /carts/simple/ HTTP/1.1" 200 46
INFO 2019-07-03 16:05:43,388 basehttp 124 "GET /carts/ HTTP/1.1" 200 4559
INFO 2019-07-03 16:05:43,403 basehttp 124 "GET /static/js/base.js HTTP/1.1" 200 1016
INFO 2019-07-03 16:05:43,404 basehttp 124 "GET /static/js/cart.js HTTP/1.1" 200 9513
INFO 2019-07-03 16:05:47,107 basehttp 124 "GET / HTTP/1.1" 200 124652
INFO 2019-07-03 16:05:47,448 basehttp 124 "GET /carts/simple/ HTTP/1.1" 200 46
INFO 2019-07-03 16:05:49,799 basehttp 124 "GET /list/115/1/ HTTP/1.1" 200 103053
INFO 2019-07-03 16:05:49,807 basehttp 124 "GET /static/css/jquery.pagination.css HTTP/1.1" 200 523
INFO 2019-07-03 16:05:49,826 basehttp 124 "GET /static/js/list.js HTTP/1.1" 200 2909
INFO 2019-07-03 16:05:49,828 basehttp 124 "GET /static/js/jquery.pagination.min.js HTTP/1.1" 200 2935
INFO 2019-07-03 16:05:49,835 basehttp 124 "GET /static/images/shop_cart.png HTTP/1.1" 200 1317
INFO 2019-07-03 16:05:49,958 basehttp 124 "GET /carts/simple/ HTTP/1.1" 200 46
INFO 2019-07-03 16:05:50,014 basehttp 124 "GET /hot/115/ HTTP/1.1" 200 549
INFO 2019-07-03 16:05:54,423 basehttp 124 "GET /goods/integral/1/ HTTP/1.1" 200 101653
INFO 2019-07-03 16:05:54,471 basehttp 124 "GET /static/js/goods_integral.js HTTP/1.1" 200 2973
INFO 2019-07-03 16:05:54,622 basehttp 124 "GET /carts/simple/ HTTP/1.1" 200 46
INFO 2019-07-03 16:05:56,228 basehttp 124 "GET /login/ HTTP/1.1" 200 3482
INFO 2019-07-03 16:05:56,247 basehttp 124 "GET /static/js/login.js HTTP/1.1" 200 2172
INFO 2019-07-03 16:05:56,251 basehttp 124 "GET /static/images/logo02.png HTTP/1.1" 200 8466
INFO 2019-07-03 16:05:56,270 basehttp 124 "GET /static/images/login_banner.png HTTP/1.1" 200 319312
INFO 2019-07-03 16:05:56,273 basehttp 124 "GET /static/images/icons02.png HTTP/1.1" 200 3935
INFO 2019-07-03 16:05:56,287 basehttp 124 "GET /static/images/QQ-WEIBO.png HTTP/1.1" 200 4298
INFO 2019-07-03 16:06:05,106 basehttp 124 "POST /login/ HTTP/1.1" 302 0
INFO 2019-07-03 16:06:05,635 basehttp 124 "GET / HTTP/1.1" 200 124652
INFO 2019-07-03 16:06:05,937 basehttp 124 "GET /carts/simple/ HTTP/1.1" 200 1024
INFO 2019-07-03 16:06:06,706 basehttp 124 "GET /carts/simple/ HTTP/1.1" 200 1024
INFO 2019-07-03 16:06:07,106 basehttp 124 "GET /carts/ HTTP/1.1" 200 5635
INFO 2019-07-03 16:06:10,342 basehttp 124 "GET /orders/settlement/ HTTP/1.1" 200 8850
INFO 2019-07-03 16:06:10,372 basehttp 124 "GET /static/js/place_order.js HTTP/1.1" 200 7135
INFO 2019-07-03 16:06:10,381 basehttp 124 "GET /static/images/pay_icons.png HTTP/1.1" 200 11917
INFO 2019-07-03 16:07:37,201 basehttp 124 "GET /orders/settlement/ HTTP/1.1" 200 8850
INFO 2019-07-03 16:07:37,228 basehttp 124 "GET /static/css/reset.css HTTP/1.1" 304 0
INFO 2019-07-03 16:07:37,230 basehttp 124 "GET /static/css/main.css HTTP/1.1" 304 0
INFO 2019-07-03 16:07:37,235 basehttp 124 "GET /static/js/host.js HTTP/1.1" 304 0
INFO 2019-07-03 16:07:37,237 basehttp 124 "GET /static/js/vue-2.5.16.js HTTP/1.1" 304 0
INFO 2019-07-03 16:07:37,238 basehttp 124 "GET /static/images/logo.png HTTP/1.1" 304 0
INFO 2019-07-03 16:07:37,242 basehttp 124 "GET /static/js/axios-0.18.0.min.js HTTP/1.1" 304 0
INFO 2019-07-03 16:07:37,256 basehttp 124 "GET /static/js/common.js HTTP/1.1" 304 0
INFO 2019-07-03 16:07:37,259 basehttp 124 "GET /static/images/icons.png HTTP/1.1" 304 0
INFO 2019-07-03 16:08:10,856 basehttp 124 "GET /orders/settlement/ HTTP/1.1" 200 8850
INFO 2019-07-03 16:09:35,190 basehttp 124 "GET /orders/settlement/ HTTP/1.1" 200 8850
INFO 2019-07-03 16:09:35,203 basehttp 124 "GET /static/css/reset.css HTTP/1.1" 200 638
INFO 2019-07-03 16:09:35,211 basehttp 124 "GET /static/css/main.css HTTP/1.1" 200 39760
INFO 2019-07-03 16:09:35,212 basehttp 124 "GET /static/js/host.js HTTP/1.1" 200 80
INFO 2019-07-03 16:09:35,223 basehttp 124 "GET /static/js/vue-2.5.16.js HTTP/1.1" 200 289318
INFO 2019-07-03 16:09:35,223 basehttp 124 "GET /static/js/axios-0.18.0.min.js HTTP/1.1" 200 12941
INFO 2019-07-03 16:09:35,242 basehttp 124 "GET /static/images/logo.png HTTP/1.1" 200 7450
INFO 2019-07-03 16:09:35,261 basehttp 124 "GET /static/js/common.js HTTP/1.1" 200 891
INFO 2019-07-03 16:09:35,266 basehttp 124 "GET /static/js/place_order.js HTTP/1.1" 200 7135
INFO 2019-07-03 16:09:35,270 basehttp 124 "GET /static/images/icons.png HTTP/1.1" 200 7740
INFO 2019-07-03 16:09:35,272 basehttp 124 "GET /static/images/pay_icons.png HTTP/1.1" 200 11917
INFO 2019-07-03 16:09:35,273 basehttp 124 "GET /static/js/base.js HTTP/1.1" 200 1016
WARNING 2019-07-03 16:09:36,273 base 152 Not Found: /favicon.ico
WARNING 2019-07-03 16:09:36,277 basehttp 124 "GET /favicon.ico HTTP/1.1" 404 10575
INFO 2019-07-03 16:17:23,175 basehttp 124 "GET /orders/settlement/ HTTP/1.1" 200 8850
INFO 2019-07-03 16:17:23,191 basehttp 124 "GET /static/css/reset.css HTTP/1.1" 304 0
INFO 2019-07-03 16:17:23,197 basehttp 124 "GET /static/css/main.css HTTP/1.1" 304 0
INFO 2019-07-03 16:17:23,201 basehttp 124 "GET /static/js/host.js HTTP/1.1" 304 0
INFO 2019-07-03 16:17:23,204 basehttp 124 "GET /static/js/vue-2.5.16.js HTTP/1.1" 304 0
INFO 2019-07-03 16:17:23,211 basehttp 124 "GET /static/js/axios-0.18.0.min.js HTTP/1.1" 304 0
INFO 2019-07-03 16:17:23,222 basehttp 124 "GET /static/images/logo.png HTTP/1.1" 304 0
INFO 2019-07-03 16:17:23,245 basehttp 124 "GET /static/js/common.js HTTP/1.1" 304 0
INFO 2019-07-03 16:17:23,252 basehttp 124 "GET /static/js/base.js HTTP/1.1" 304 0
INFO 2019-07-03 16:17:23,262 basehttp 124 "GET /static/js/place_order.js HTTP/1.1" 304 0
INFO 2019-07-03 16:17:23,276 basehttp 124 "GET /static/images/pay_icons.png HTTP/1.1" 304 0
INFO 2019-07-03 16:17:23,277 basehttp 124 "GET /static/images/icons.png HTTP/1.1" 304 0
INFO 2019-07-09 16:00:33,495 basehttp 124 "GET / HTTP/1.1" 200 124652
INFO 2019-07-09 16:00:33,519 basehttp 124 "GET /static/css/reset.css HTTP/1.1" 200 638
INFO 2019-07-09 16:00:33,524 basehttp 124 "GET /static/images/logo.png HTTP/1.1" 200 7450
INFO 2019-07-09 16:00:33,525 basehttp 124 "GET /static/css/main.css HTTP/1.1" 200 39760
INFO 2019-07-09 16:00:33,529 basehttp 124 "GET /static/js/host.js HTTP/1.1" 200 80
INFO 2019-07-09 16:00:33,533 basehttp 124 "GET /static/js/axios-0.18.0.min.js HTTP/1.1" 200 12941
INFO 2019-07-09 16:00:33,535 basehttp 124 "GET /static/js/jquery-1.12.4.min.js HTTP/1.1" 200 97163
INFO 2019-07-09 16:00:33,537 basehttp 124 "GET /static/js/vue-2.5.16.js HTTP/1.1" 200 289318
INFO 2019-07-09 16:00:33,561 basehttp 124 "GET /static/js/slide.js HTTP/1.1" 200 1822
INFO 2019-07-09 16:00:33,562 basehttp 124 "GET /static/js/common.js HTTP/1.1" 200 891
INFO 2019-07-09 16:00:33,607 basehttp 124 "GET /static/js/index.js HTTP/1.1" 200 1388
INFO 2019-07-09 16:00:33,672 basehttp 124 "GET /static/images/icons.png HTTP/1.1" 200 7740
INFO 2019-07-09 16:00:34,043 basehttp 124 "GET /carts/simple/ HTTP/1.1" 200 46
WARNING 2019-07-09 16:00:34,158 base 152 Not Found: /favicon.ico
WARNING 2019-07-09 16:00:34,159 basehttp 124 "GET /favicon.ico HTTP/1.1" 404 10575
